Name                                         Stmts   Miss  Cover
----------------------------------------------------------------
enconnect/__init__.py                            5      0   100%
enconnect/conftest.py                            1      0   100%
enconnect/discord/__init__.py                    4      0   100%
enconnect/discord/client.py                    237      0   100%
enconnect/discord/models.py                    109      0   100%
enconnect/discord/params.py                     15      0   100%
enconnect/discord/test/__init__.py               5      0   100%
enconnect/discord/test/helpers.py               52      0   100%
enconnect/discord/test/test_client.py           37      0   100%
enconnect/discord/test/test_models.py          158      0   100%
enconnect/fixtures.py                            7      0   100%
enconnect/hubitat/__init__.py                    3      0   100%
enconnect/hubitat/bridge.py                     32      0   100%
enconnect/hubitat/params.py                     14      0   100%
enconnect/hubitat/test/__init__.py               2      0   100%
enconnect/hubitat/test/test_bridge.py           38      0   100%
enconnect/instagram/__init__.py                  4      0   100%
enconnect/instagram/instagram.py                69      0   100%
enconnect/instagram/models.py                   25      0   100%
enconnect/instagram/params.py                   12      0   100%
enconnect/instagram/test/__init__.py             2      0   100%
enconnect/instagram/test/test_instagram.py      61      0   100%
enconnect/instagram/test/test_models.py         30      0   100%
enconnect/irc/__init__.py                        4      0   100%
enconnect/irc/client.py                        220      0   100%
enconnect/irc/models.py                        113      0   100%
enconnect/irc/params.py                         22      0   100%
enconnect/irc/test/__init__.py                   6      0   100%
enconnect/irc/test/helpers.py                   57      0   100%
enconnect/irc/test/test_client.py               63      0   100%
enconnect/irc/test/test_models.py              188      0   100%
enconnect/mattermost/__init__.py                 4      0   100%
enconnect/mattermost/client.py                 171      0   100%
enconnect/mattermost/models.py                 116      0   100%
enconnect/mattermost/params.py                  16      0   100%
enconnect/mattermost/test/__init__.py            6      0   100%
enconnect/mattermost/test/helpers.py            55      0   100%
enconnect/mattermost/test/test_client.py        37      0   100%
enconnect/mattermost/test/test_models.py       199      0   100%
enconnect/philips/__init__.py                    3      0   100%
enconnect/philips/bridge.py                     80      0   100%
enconnect/philips/params.py                     13      0   100%
enconnect/philips/test/__init__.py               5      0   100%
enconnect/philips/test/helpers.py               30      0   100%
enconnect/philips/test/test_bridge.py           68      0   100%
enconnect/reddit/__init__.py                     4      0   100%
enconnect/reddit/models.py                      56      0   100%
enconnect/reddit/params.py                      16      0   100%
enconnect/reddit/reddit.py                     160      1    99%
enconnect/reddit/test/__init__.py                2      0   100%
enconnect/reddit/test/test_models.py            40      0   100%
enconnect/reddit/test/test_reddit.py            83      0   100%
enconnect/ubiquiti/__init__.py                   3      0   100%
enconnect/ubiquiti/params.py                    15      0   100%
enconnect/ubiquiti/router.py                    48      0   100%
enconnect/ubiquiti/test/__init__.py              2      0   100%
enconnect/ubiquiti/test/test_router.py          39      0   100%
enconnect/utils/__init__.py                      3      0   100%
enconnect/utils/dummy.py                         2      0   100%
enconnect/utils/http.py                        124      0   100%
enconnect/utils/test/__init__.py                 0      0   100%
enconnect/utils/test/test_http.py               87      0   100%
enconnect/youtube/__init__.py                    5      0   100%
enconnect/youtube/models.py                     58      0   100%
enconnect/youtube/params.py                     12      0   100%
enconnect/youtube/test/__init__.py               2      0   100%
enconnect/youtube/test/test_models.py           51      0   100%
enconnect/youtube/test/test_youtube.py          70      0   100%
enconnect/youtube/youtube.py                   104      1    99%
----------------------------------------------------------------
TOTAL                                         3384      2    99%
