>>> make pytest
  ● Executing pytest in enconnect..
============================= test session starts ==============================
platform linux -- Python 3.12.9, pytest-8.3.5, pluggy-1.5.0 -- /home/runner/work/enconnect/enconnect/main/.venv-package/bin/python3
cachedir: .pytest_cache
Using --randomly-seed=67959611
rootdir: /home/runner/work/enconnect/enconnect/main
configfile: pyproject.toml
plugins: respx-0.22.0, anyio-4.8.0, sphinx-0.6.3, clarity-1.0.1, asyncio-0.25.3, cov-6.0.0, mypy-0.10.3, randomly-3.16.0, xdist-3.6.1, mock-3.14.0
asyncio: mode=Mode.STRICT, asyncio_default_fixture_loop_scope=None
created: 4/4 workers
4 workers [116 items]

scheduling tests via LoadScheduling

enconnect/discord/test/helpers.py::mypy 
enconnect/__init__.py::mypy-status 
enconnect/instagram/params.py::mypy 
enconnect/hubitat/bridge.py::mypy 
[gw3] [  0%] PASSED enconnect/instagram/params.py::mypy 
enconnect/instagram/instagram.py::mypy 
[gw3] [  1%] PASSED enconnect/instagram/instagram.py::mypy 
enconnect/instagram/test/test_models.py::mypy 
[gw3] [  2%] PASSED enconnect/instagram/test/test_models.py::mypy 
enconnect/irc/test/test_client.py::mypy 
[gw3] [  3%] PASSED enconnect/irc/test/test_client.py::mypy 
enconnect/irc/models.py::mypy 
[gw3] [  4%] PASSED enconnect/irc/models.py::mypy 
enconnect/irc/__init__.py::mypy 
[gw3] [  5%] PASSED enconnect/irc/__init__.py::mypy 
enconnect/irc/test/helpers.py::mypy 
[gw3] [  6%] PASSED enconnect/irc/test/helpers.py::mypy 
enconnect/irc/test/__init__.py::mypy 
[gw3] [  6%] PASSED enconnect/irc/test/__init__.py::mypy 
enconnect/irc/client.py::mypy 
[gw3] [  7%] PASSED enconnect/irc/client.py::mypy 
enconnect/irc/params.py::mypy 
[gw3] [  8%] PASSED enconnect/irc/params.py::mypy 
enconnect/irc/test/test_models.py::mypy 
[gw3] [  9%] PASSED enconnect/irc/test/test_models.py::mypy 
enconnect/mattermost/test/helpers.py::mypy 
[gw3] [ 10%] PASSED enconnect/mattermost/test/helpers.py::mypy 
enconnect/mattermost/test/test_client.py::mypy 
[gw3] [ 11%] PASSED enconnect/mattermost/test/test_client.py::mypy 
enconnect/mattermost/params.py::mypy 
[gw3] [ 12%] PASSED enconnect/mattermost/params.py::mypy 
enconnect/mattermost/models.py::mypy 
[gw1] [ 12%] PASSED enconnect/__init__.py::mypy-status 
[gw3] [ 13%] PASSED enconnect/mattermost/models.py::mypy 
enconnect/discord/models.py::mypy 
enconnect/mattermost/__init__.py::mypy 
[gw3] [ 14%] PASSED enconnect/mattermost/__init__.py::mypy 
[gw1] [ 15%] PASSED enconnect/discord/models.py::mypy 
enconnect/mattermost/client.py::mypy 
enconnect/conftest.py::mypy 
[gw3] [ 16%] PASSED enconnect/mattermost/client.py::mypy 
[gw1] [ 17%] PASSED enconnect/conftest.py::mypy 
enconnect/mattermost/test/__init__.py::mypy 
enconnect/discord/test/test_models.py::mypy 
[gw3] [ 18%] PASSED enconnect/mattermost/test/__init__.py::mypy 
[gw1] [ 18%] PASSED enconnect/discord/test/test_models.py::mypy 
enconnect/mattermost/test/test_models.py::mypy 
enconnect/hubitat/test/test_bridge.py::mypy 
[gw3] [ 19%] PASSED enconnect/mattermost/test/test_models.py::mypy 
enconnect/philips/bridge.py::mypy 
[gw1] [ 20%] PASSED enconnect/hubitat/test/test_bridge.py::mypy 
[gw3] [ 21%] PASSED enconnect/philips/bridge.py::mypy 
enconnect/hubitat/__init__.py::mypy 
enconnect/philips/test/__init__.py::mypy 
[gw1] [ 22%] PASSED enconnect/hubitat/__init__.py::mypy 
enconnect/hubitat/test/__init__.py::mypy 
[gw3] [ 23%] PASSED enconnect/philips/test/__init__.py::mypy 
enconnect/philips/params.py::mypy 
[gw1] [ 24%] PASSED enconnect/hubitat/test/__init__.py::mypy 
[gw3] [ 25%] PASSED enconnect/philips/params.py::mypy 
enconnect/reddit/test/__init__.py::mypy 
enconnect/philips/__init__.py::mypy 
[gw1] [ 25%] PASSED enconnect/reddit/test/__init__.py::mypy 
[gw3] [ 26%] PASSED enconnect/philips/__init__.py::mypy 
enconnect/reddit/test/test_models.py::mypy 
enconnect/philips/test/helpers.py::mypy 
[gw1] [ 27%] PASSED enconnect/reddit/test/test_models.py::mypy 
[gw3] [ 28%] PASSED enconnect/philips/test/helpers.py::mypy 
enconnect/reddit/models.py::mypy 
enconnect/philips/test/test_bridge.py::mypy 
[gw1] [ 29%] PASSED enconnect/reddit/models.py::mypy 
[gw3] [ 30%] PASSED enconnect/philips/test/test_bridge.py::mypy 
[gw2] [ 31%] PASSED enconnect/hubitat/bridge.py::mypy 
enconnect/reddit/__init__.py::mypy 
[gw1] [ 31%] PASSED enconnect/reddit/__init__.py::mypy 
enconnect/reddit/params.py::mypy 
[gw0] [ 32%] PASSED enconnect/discord/test/helpers.py::mypy 
[gw3] [ 33%] PASSED enconnect/reddit/params.py::mypy 
enconnect/reddit/test/test_reddit.py::mypy 
enconnect/hubitat/params.py::mypy 
[gw2] [ 34%] PASSED enconnect/hubitat/params.py::mypy 
enconnect/discord/test/__init__.py::mypy 
[gw0] [ 35%] PASSED enconnect/discord/test/__init__.py::mypy 
enconnect/fixtures.py::mypy 
enconnect/reddit/reddit.py::mypy 
[gw2] [ 36%] PASSED enconnect/fixtures.py::mypy 
[gw1] [ 37%] PASSED enconnect/reddit/reddit.py::mypy 
enconnect/ubiquiti/__init__.py::mypy 
enconnect/instagram/test/test_instagram.py::mypy 
enconnect/__init__.py::mypy 
[gw0] [ 37%] PASSED enconnect/__init__.py::mypy 
enconnect/discord/client.py::mypy 
[gw0] [ 38%] PASSED enconnect/discord/client.py::mypy 
enconnect/discord/test/test_client.py::mypy 
[gw1] [ 39%] PASSED enconnect/ubiquiti/__init__.py::mypy 
enconnect/utils/http.py::mypy 
[gw0] [ 40%] PASSED enconnect/discord/test/test_client.py::mypy 
[gw2] [ 41%] PASSED enconnect/instagram/test/test_instagram.py::mypy 
enconnect/instagram/__init__.py::mypy 
[gw2] [ 42%] PASSED enconnect/instagram/__init__.py::mypy 
enconnect/discord/__init__.py::mypy 
[gw0] [ 43%] PASSED enconnect/discord/__init__.py::mypy 
enconnect/instagram/models.py::mypy 
[gw1] [ 43%] PASSED enconnect/utils/http.py::mypy 
enconnect/utils/test/test_http.py::mypy 
[gw2] [ 44%] PASSED enconnect/instagram/models.py::mypy 
[gw1] [ 45%] PASSED enconnect/utils/test/test_http.py::mypy 
enconnect/utils/dummy.py::mypy 
enconnect/discord/params.py::mypy 
enconnect/instagram/test/__init__.py::mypy 
[gw0] [ 46%] PASSED enconnect/discord/params.py::mypy 
[gw2] [ 47%] PASSED enconnect/instagram/test/__init__.py::mypy 
[gw1] [ 48%] PASSED enconnect/utils/dummy.py::mypy 
enconnect/youtube/__init__.py::mypy 
enconnect/utils/__init__.py::mypy 
[gw0] [ 49%] PASSED enconnect/youtube/__init__.py::mypy 
enconnect/utils/test/__init__.py::mypy 
[gw2] [ 50%] PASSED enconnect/utils/__init__.py::mypy 
enconnect/youtube/test/test_models.py::mypy 
[gw1] [ 50%] PASSED enconnect/utils/test/__init__.py::mypy 
enconnect/youtube/test/__init__.py::mypy 
[gw0] [ 51%] PASSED enconnect/youtube/test/test_models.py::mypy 
enconnect/youtube/test/test_youtube.py::mypy 
enconnect/philips/test/test_bridge.py::test_Bridge_events_async 
[gw2] [ 52%] PASSED enconnect/youtube/test/__init__.py::mypy 
[gw0] [ 53%] PASSED enconnect/youtube/test/test_youtube.py::mypy 
enconnect/youtube/models.py::mypy 
enconnect/youtube/youtube.py::mypy 
[gw2] [ 54%] PASSED enconnect/youtube/models.py::mypy 
[gw0] [ 55%] PASSED enconnect/youtube/youtube.py::mypy 
enconnect/youtube/params.py::mypy 
enconnect/discord/test/test_client.py::test_Client_cover 
[gw2] [ 56%] PASSED enconnect/youtube/params.py::mypy 
[gw3] [ 56%] PASSED enconnect/reddit/test/test_reddit.py::mypy 
enconnect/irc/test/test_client.py::test_Client 
[gw2] [ 57%] PASSED enconnect/irc/test/test_client.py::test_Client 
enconnect/ubiquiti/router.py::mypy 
enconnect/irc/test/test_client.py::test_Client_connect 
[gw3] [ 58%] PASSED enconnect/ubiquiti/router.py::mypy 
enconnect/ubiquiti/test/__init__.py::mypy 
[gw3] [ 59%] PASSED enconnect/ubiquiti/test/__init__.py::mypy 
enconnect/ubiquiti/params.py::mypy 
[gw3] [ 60%] PASSED enconnect/ubiquiti/params.py::mypy 
enconnect/ubiquiti/test/test_router.py::mypy 
[gw3] [ 61%] PASSED enconnect/ubiquiti/test/test_router.py::mypy 
enconnect/hubitat/test/test_bridge.py::test_Bridge 
[gw3] [ 62%] PASSED enconnect/hubitat/test/test_bridge.py::test_Bridge 
enconnect/hubitat/test/test_bridge.py::test_Bridge_request 
[gw3] [ 62%] PASSED enconnect/hubitat/test/test_bridge.py::test_Bridge_request 
enconnect/utils/test/test_http.py::test_HTTPClient_request_async 
[gw0] [ 63%] PASSED enconnect/discord/test/test_client.py::test_Client_cover 
enconnect/discord/test/test_client.py::test_Client 
[gw1] [ 64%] PASSED enconnect/philips/test/test_bridge.py::test_Bridge_events_async 
enconnect/philips/test/test_bridge.py::test_Bridge_events_block 
[gw0] [ 65%] PASSED enconnect/discord/test/test_client.py::test_Client 
[gw1] [ 66%] PASSED enconnect/philips/test/test_bridge.py::test_Bridge_events_block 
enconnect/discord/test/test_client.py::test_Client_connect 
enconnect/philips/test/test_bridge.py::test_Bridge_request 
[gw1] [ 67%] PASSED enconnect/philips/test/test_bridge.py::test_Bridge_request 
enconnect/philips/test/test_bridge.py::test_Bridge 
[gw1] [ 68%] PASSED enconnect/philips/test/test_bridge.py::test_Bridge 
enconnect/utils/test/test_http.py::test_HTTPClient_stream_block 
[gw1] [ 68%] PASSED enconnect/utils/test/test_http.py::test_HTTPClient_stream_block 
enconnect/ubiquiti/test/test_router.py::test_Router_request 
[gw1] [ 69%] PASSED enconnect/ubiquiti/test/test_router.py::test_Router_request 
enconnect/ubiquiti/test/test_router.py::test_Router 
[gw1] [ 70%] PASSED enconnect/ubiquiti/test/test_router.py::test_Router 
enconnect/irc/test/test_models.py::test_ClientEvent 
[gw1] [ 71%] PASSED enconnect/irc/test/test_models.py::test_ClientEvent 
enconnect/irc/test/test_models.py::test_ClientEvent_service 
[gw0] [ 72%] PASSED enconnect/discord/test/test_client.py::test_Client_connect 
enconnect/irc/test/test_client.py::test_Client_cover 
[gw0] [ 73%] PASSED enconnect/irc/test/test_client.py::test_Client_cover 
enconnect/mattermost/test/test_models.py::test_ClientEvent_cover 
[gw2] [ 74%] PASSED enconnect/irc/test/test_client.py::test_Client_connect 
enconnect/instagram/test/test_models.py::test_InstagramMedia 
[gw2] [ 75%] PASSED enconnect/instagram/test/test_models.py::test_InstagramMedia 
enconnect/reddit/test/test_models.py::test_RedditListing 
[gw2] [ 75%] PASSED enconnect/reddit/test/test_models.py::test_RedditListing 
enconnect/mattermost/test/test_client.py::test_Client_connect 
[gw2] [ 76%] PASSED enconnect/mattermost/test/test_client.py::test_Client_connect 
enconnect/mattermost/test/test_client.py::test_Client 
[gw2] [ 77%] PASSED enconnect/mattermost/test/test_client.py::test_Client 
enconnect/mattermost/test/test_client.py::test_Client_cover 
[gw2] [ 78%] PASSED enconnect/mattermost/test/test_client.py::test_Client_cover 
enconnect/instagram/test/test_instagram.py::test_Instagram_async 
[gw2] [ 79%] PASSED enconnect/instagram/test/test_instagram.py::test_Instagram_async 
enconnect/instagram/test/test_instagram.py::test_Instagram 
[gw2] [ 80%] PASSED enconnect/instagram/test/test_instagram.py::test_Instagram 
enconnect/instagram/test/test_instagram.py::test_Instagram_block 
[gw0] [ 81%] PASSED enconnect/mattermost/test/test_models.py::test_ClientEvent_cover 
enconnect/mattermost/test/test_models.py::test_ClientEvent 
[gw2] [ 81%] PASSED enconnect/instagram/test/test_instagram.py::test_Instagram_block 
enconnect/reddit/test/test_reddit.py::test_Reddit_listing_block 
[gw0] [ 82%] PASSED enconnect/mattermost/test/test_models.py::test_ClientEvent 
enconnect/reddit/test/test_reddit.py::test_Reddit_latest_async 
[gw1] [ 83%] PASSED enconnect/irc/test/test_models.py::test_ClientEvent_service 
enconnect/irc/test/test_models.py::test_ClientEvent_cover 
[gw2] [ 84%] PASSED enconnect/reddit/test/test_reddit.py::test_Reddit_listing_block 
enconnect/reddit/test/test_reddit.py::test_Reddit 
[gw0] [ 85%] PASSED enconnect/reddit/test/test_reddit.py::test_Reddit_latest_async 
enconnect/reddit/test/test_reddit.py::test_Reddit_latest_block 
[gw2] [ 86%] PASSED enconnect/reddit/test/test_reddit.py::test_Reddit 
enconnect/youtube/test/test_models.py::test_YouTubeResult 
[gw2] [ 87%] PASSED enconnect/youtube/test/test_models.py::test_YouTubeResult 
enconnect/discord/test/test_models.py::test_ClientEvent 
[gw0] [ 87%] PASSED enconnect/reddit/test/test_reddit.py::test_Reddit_latest_block 
enconnect/youtube/test/test_models.py::test_YouTubeVideo 
[gw0] [ 88%] PASSED enconnect/youtube/test/test_models.py::test_YouTubeVideo 
enconnect/youtube/test/test_youtube.py::test_YouTube_videos_block 
[gw2] [ 89%] PASSED enconnect/discord/test/test_models.py::test_ClientEvent 
enconnect/discord/test/test_models.py::test_ClientEvent_cover 
[gw0] [ 90%] PASSED enconnect/youtube/test/test_youtube.py::test_YouTube_videos_block 
enconnect/youtube/test/test_youtube.py::test_YouTube 
[gw0] [ 91%] PASSED enconnect/youtube/test/test_youtube.py::test_YouTube 
enconnect/youtube/test/test_youtube.py::test_YouTube_videos_async 
[gw3] [ 92%] PASSED enconnect/utils/test/test_http.py::test_HTTPClient_request_async 
enconnect/utils/test/test_http.py::test_HTTPClient_request_block 
[gw0] [ 93%] PASSED enconnect/youtube/test/test_youtube.py::test_YouTube_videos_async 
enconnect/youtube/test/test_youtube.py::test_YouTube_search_block 
[gw0] [ 93%] PASSED enconnect/youtube/test/test_youtube.py::test_YouTube_search_block 
[gw2] [ 94%] PASSED enconnect/discord/test/test_models.py::test_ClientEvent_cover 
enconnect/youtube/test/test_youtube.py::test_YouTube_search_async 
[gw2] [ 95%] PASSED enconnect/youtube/test/test_youtube.py::test_YouTube_search_async 
[gw1] [ 96%] PASSED enconnect/irc/test/test_models.py::test_ClientEvent_cover 
enconnect/reddit/test/test_reddit.py::test_Reddit_listing_async 
[gw1] [ 97%] PASSED enconnect/reddit/test/test_reddit.py::test_Reddit_listing_async 
[gw3] [ 98%] PASSED enconnect/utils/test/test_http.py::test_HTTPClient_request_block 
enconnect/utils/test/test_http.py::test_HTTPClient 
[gw3] [ 99%] PASSED enconnect/utils/test/test_http.py::test_HTTPClient 
enconnect/utils/test/test_http.py::test_HTTPClient_stream_async 
[gw3] [100%] PASSED enconnect/utils/test/test_http.py::test_HTTPClient_stream_async 

---------- coverage: platform linux, python 3.12.9-final-0 -----------
Name                                         Stmts   Miss  Cover
----------------------------------------------------------------
enconnect/__init__.py                            5      0   100%
enconnect/conftest.py                            1      0   100%
enconnect/discord/__init__.py                    4      0   100%
enconnect/discord/client.py                    233      0   100%
enconnect/discord/models.py                    105      0   100%
enconnect/discord/params.py                     13      0   100%
enconnect/discord/test/__init__.py               5      0   100%
enconnect/discord/test/helpers.py               52      0   100%
enconnect/discord/test/test_client.py           37      0   100%
enconnect/discord/test/test_models.py          158      0   100%
enconnect/fixtures.py                            7      0   100%
enconnect/hubitat/__init__.py                    3      0   100%
enconnect/hubitat/bridge.py                     32      0   100%
enconnect/hubitat/params.py                     14      0   100%
enconnect/hubitat/test/__init__.py               2      0   100%
enconnect/hubitat/test/test_bridge.py           38      0   100%
enconnect/instagram/__init__.py                  4      0   100%
enconnect/instagram/instagram.py                69      0   100%
enconnect/instagram/models.py                   25      0   100%
enconnect/instagram/params.py                   12      0   100%
enconnect/instagram/test/__init__.py             2      0   100%
enconnect/instagram/test/test_instagram.py      61      0   100%
enconnect/instagram/test/test_models.py         30      0   100%
enconnect/irc/__init__.py                        4      0   100%
enconnect/irc/client.py                        210      0   100%
enconnect/irc/models.py                        113      0   100%
enconnect/irc/params.py                         22      0   100%
enconnect/irc/test/__init__.py                   6      0   100%
enconnect/irc/test/helpers.py                   57      0   100%
enconnect/irc/test/test_client.py               63      0   100%
enconnect/irc/test/test_models.py              188      0   100%
enconnect/mattermost/__init__.py                 4      0   100%
enconnect/mattermost/client.py                 171      0   100%
enconnect/mattermost/models.py                 116      0   100%
enconnect/mattermost/params.py                  16      0   100%
enconnect/mattermost/test/__init__.py            6      0   100%
enconnect/mattermost/test/helpers.py            54      0   100%
enconnect/mattermost/test/test_client.py        37      0   100%
enconnect/mattermost/test/test_models.py       199      0   100%
enconnect/philips/__init__.py                    3      0   100%
enconnect/philips/bridge.py                     80      0   100%
enconnect/philips/params.py                     13      0   100%
enconnect/philips/test/__init__.py               5      0   100%
enconnect/philips/test/helpers.py               30      0   100%
enconnect/philips/test/test_bridge.py           68      0   100%
enconnect/reddit/__init__.py                     4      0   100%
enconnect/reddit/models.py                      56      0   100%
enconnect/reddit/params.py                      16      0   100%
enconnect/reddit/reddit.py                     158      0   100%
enconnect/reddit/test/__init__.py                2      0   100%
enconnect/reddit/test/test_models.py            40      0   100%
enconnect/reddit/test/test_reddit.py            83      0   100%
enconnect/ubiquiti/__init__.py                   3      0   100%
enconnect/ubiquiti/params.py                    15      0   100%
enconnect/ubiquiti/router.py                    48      0   100%
enconnect/ubiquiti/test/__init__.py              2      0   100%
enconnect/ubiquiti/test/test_router.py          39      0   100%
enconnect/utils/__init__.py                      3      0   100%
enconnect/utils/dummy.py                         2      0   100%
enconnect/utils/http.py                        124      0   100%
enconnect/utils/test/__init__.py                 0      0   100%
enconnect/utils/test/test_http.py               87      0   100%
enconnect/youtube/__init__.py                    5      0   100%
enconnect/youtube/models.py                     58      0   100%
enconnect/youtube/params.py                     12      0   100%
enconnect/youtube/test/__init__.py               2      0   100%
enconnect/youtube/test/test_models.py           51      0   100%
enconnect/youtube/test/test_youtube.py          70      0   100%
enconnect/youtube/youtube.py                   102      0   100%
----------------------------------------------------------------
TOTAL                                         3359      0   100%

===================================== mypy =====================================

Success: no issues found in 69 source files
============================= 116 passed in 15.71s =============================
    DONE
  ● Write coveragepy output to htmlcov..
    DONE
  ● Write coveragepy output to coverage.json..
    DONE
